<?xml version="1.0" encoding="UTF-8"?>
<!-- Generated by org.testng.reporters.JUnitReportReporter -->
<testsuite skipped="0" hostname="ubuntu-Inspiron" name="testcases.Testcase1" tests="1" failures="0" timestamp="2021-12-01T12:07:40 IST" time="100.701" errors="0">
  <testcase name="Verification" time="100.701" classname="testcases.Testcase1"/>
</testsuite> <!-- testcases.Testcase1 -->
