<?xml version="1.0" encoding="UTF-8"?>
<!-- Generated by org.testng.reporters.JUnitReportReporter -->
<testsuite skipped="0" hostname="ubuntu-Inspiron" name="testcases.DialerDelay" tests="1" failures="0" timestamp="2021-12-01T19:50:38 IST" time="99.651" errors="0">
  <testcase name="Verification" time="99.651" classname="testcases.DialerDelay"/>
</testsuite> <!-- testcases.DialerDelay -->
